生成启动时间为 2013/11/7 16:46:57。
     1>项目“E:\CSCI480\assign2\assign2\assign2.vcxproj”在节点 2 上(Build 个目标)。
     1>ClCompile:
         F:\Program Files\Microsoft Visual Studio 11.0\VC\bin\CL.exe /c /I"glut-3.7.6-bin" /IpicLibrary /ZI /nologo /W3 /WX- /Od /Oy- /D WIN32 /D _DEBUG /D _CONSOLE /D _MBCS /Gm /EHsc /RTC1 /MDd /GS /fp:precise /Zc:wchar_t /Zc:forScope /Fo"Debug\\" /Fd"Debug\vc110.pdb" /Gd /TP /analyze- /errorReport:prompt assign2.cpp
         正在跳过...(未检测到相关更改)
         assign2.cpp
       Link:
         F:\Program Files\Microsoft Visual Studio 11.0\VC\bin\link.exe /ERRORREPORT:PROMPT /OUT:"E:\CSCI480\assign2\Debug\assign2.exe" /INCREMENTAL /NOLOGO /LIBPATH:"glut-3.7.6-bin" /LIBPATH:picLibrary libjpeg.lib libtiff.lib picLibrary.lib kernel32.lib user32.lib gdi32.lib winspool.lib comdlg32.lib advapi32.lib shell32.lib ole32.lib oleaut32.lib uuid.lib odbc32.lib odbccp32.lib /MANIFEST /MANIFESTUAC:"level='asInvoker' uiAccess='false'" /manifest:embed /DEBUG /PDB:"E:\CSCI480\assign2\Debug\assign2.pdb" /SUBSYSTEM:CONSOLE /TLBID:1 /DYNAMICBASE /NXCOMPAT /IMPLIB:"E:\CSCI480\assign2\Debug\assign2.lib" /MACHINE:X86 Debug\assign2.obj
         Debug\stdafx.obj
         picLibrary.lib(pic.obj) : 找到 MSIL .netmodule 或使用 /GL 编译的模块；正在使用 /LTCG 重新启动链接；将 /LTCG 添加到链接命令行以改进链接器性能
     1>LINK : warning LNK4075: 忽略“/INCREMENTAL”(由于“/LTCG”规范)
     1>assign2.obj : warning LNK4075: 忽略“/EDITANDCONTINUE”(由于“/OPT:LBR”规范)
     1>LINK : warning LNK4098: 默认库“MSVCRT”与其他库的使用冲突；请使用 /NODEFAULTLIB:library
     1>MSVCRTD.lib(cinitexe.obj) : warning LNK4098: 默认库“libcmtd.lib”与其他库的使用冲突；请使用 /NODEFAULTLIB:library
         正在生成代码
         已完成代码的生成
     1>picLibrary.lib(pic.obj) : warning LNK4099: 未找到 PDB“vc100.pdb”(使用“picLibrary.lib(pic.obj)”或在“E:\CSCI480\assign2\Debug\vc100.pdb”中寻找)；正在链接对象，如同没有调试信息一样
     1>picLibrary.lib(jpeg.obj) : warning LNK4099: 未找到 PDB“vc100.pdb”(使用“picLibrary.lib(jpeg.obj)”或在“E:\CSCI480\assign2\Debug\vc100.pdb”中寻找)；正在链接对象，如同没有调试信息一样
     1>picLibrary.lib(ppm.obj) : warning LNK4099: 未找到 PDB“vc100.pdb”(使用“picLibrary.lib(ppm.obj)”或在“E:\CSCI480\assign2\Debug\vc100.pdb”中寻找)；正在链接对象，如同没有调试信息一样
     1>picLibrary.lib(tiff.obj) : warning LNK4099: 未找到 PDB“vc100.pdb”(使用“picLibrary.lib(tiff.obj)”或在“E:\CSCI480\assign2\Debug\vc100.pdb”中寻找)；正在链接对象，如同没有调试信息一样
     1>libjpeg.lib(jcapimin.obj) : warning LNK4099: 未找到 PDB“vc100.pdb”(使用“libjpeg.lib(jcapimin.obj)”或在“E:\CSCI480\assign2\Debug\vc100.pdb”中寻找)；正在链接对象，如同没有调试信息一样
     1>libjpeg.lib(jcapistd.obj) : warning LNK4099: 未找到 PDB“vc100.pdb”(使用“libjpeg.lib(jcapistd.obj)”或在“E:\CSCI480\assign2\Debug\vc100.pdb”中寻找)；正在链接对象，如同没有调试信息一样
     1>libjpeg.lib(jcarith.obj) : warning LNK4099: 未找到 PDB“vc100.pdb”(使用“libjpeg.lib(jcarith.obj)”或在“E:\CSCI480\assign2\Debug\vc100.pdb”中寻找)；正在链接对象，如同没有调试信息一样
     1>libjpeg.lib(jcparam.obj) : warning LNK4099: 未找到 PDB“vc100.pdb”(使用“libjpeg.lib(jcparam.obj)”或在“E:\CSCI480\assign2\Debug\vc100.pdb”中寻找)；正在链接对象，如同没有调试信息一样
     1>libjpeg.lib(jdatadst.obj) : warning LNK4099: 未找到 PDB“vc100.pdb”(使用“libjpeg.lib(jdatadst.obj)”或在“E:\CSCI480\assign2\Debug\vc100.pdb”中寻找)；正在链接对象，如同没有调试信息一样
     1>libjpeg.lib(jcinit.obj) : warning LNK4099: 未找到 PDB“vc100.pdb”(使用“libjpeg.lib(jcinit.obj)”或在“E:\CSCI480\assign2\Debug\vc100.pdb”中寻找)；正在链接对象，如同没有调试信息一样
     1>libjpeg.lib(jcmaster.obj) : warning LNK4099: 未找到 PDB“vc100.pdb”(使用“libjpeg.lib(jcmaster.obj)”或在“E:\CSCI480\assign2\Debug\vc100.pdb”中寻找)；正在链接对象，如同没有调试信息一样
     1>libjpeg.lib(jcmarker.obj) : warning LNK4099: 未找到 PDB“vc100.pdb”(使用“libjpeg.lib(jcmarker.obj)”或在“E:\CSCI480\assign2\Debug\vc100.pdb”中寻找)；正在链接对象，如同没有调试信息一样
     1>libjpeg.lib(jcmainct.obj) : warning LNK4099: 未找到 PDB“vc100.pdb”(使用“libjpeg.lib(jcmainct.obj)”或在“E:\CSCI480\assign2\Debug\vc100.pdb”中寻找)；正在链接对象，如同没有调试信息一样
     1>libjpeg.lib(jcprepct.obj) : warning LNK4099: 未找到 PDB“vc100.pdb”(使用“libjpeg.lib(jcprepct.obj)”或在“E:\CSCI480\assign2\Debug\vc100.pdb”中寻找)；正在链接对象，如同没有调试信息一样
     1>libjpeg.lib(jccoefct.obj) : warning LNK4099: 未找到 PDB“vc100.pdb”(使用“libjpeg.lib(jccoefct.obj)”或在“E:\CSCI480\assign2\Debug\vc100.pdb”中寻找)；正在链接对象，如同没有调试信息一样
     1>libjpeg.lib(jccolor.obj) : warning LNK4099: 未找到 PDB“vc100.pdb”(使用“libjpeg.lib(jccolor.obj)”或在“E:\CSCI480\assign2\Debug\vc100.pdb”中寻找)；正在链接对象，如同没有调试信息一样
     1>libjpeg.lib(jcsample.obj) : warning LNK4099: 未找到 PDB“vc100.pdb”(使用“libjpeg.lib(jcsample.obj)”或在“E:\CSCI480\assign2\Debug\vc100.pdb”中寻找)；正在链接对象，如同没有调试信息一样
     1>libjpeg.lib(jchuff.obj) : warning LNK4099: 未找到 PDB“vc100.pdb”(使用“libjpeg.lib(jchuff.obj)”或在“E:\CSCI480\assign2\Debug\vc100.pdb”中寻找)；正在链接对象，如同没有调试信息一样
     1>libjpeg.lib(jcdctmgr.obj) : warning LNK4099: 未找到 PDB“vc100.pdb”(使用“libjpeg.lib(jcdctmgr.obj)”或在“E:\CSCI480\assign2\Debug\vc100.pdb”中寻找)；正在链接对象，如同没有调试信息一样
     1>libjpeg.lib(jfdctfst.obj) : warning LNK4099: 未找到 PDB“vc100.pdb”(使用“libjpeg.lib(jfdctfst.obj)”或在“E:\CSCI480\assign2\Debug\vc100.pdb”中寻找)；正在链接对象，如同没有调试信息一样
     1>libjpeg.lib(jfdctflt.obj) : warning LNK4099: 未找到 PDB“vc100.pdb”(使用“libjpeg.lib(jfdctflt.obj)”或在“E:\CSCI480\assign2\Debug\vc100.pdb”中寻找)；正在链接对象，如同没有调试信息一样
     1>libjpeg.lib(jfdctint.obj) : warning LNK4099: 未找到 PDB“vc100.pdb”(使用“libjpeg.lib(jfdctint.obj)”或在“E:\CSCI480\assign2\Debug\vc100.pdb”中寻找)；正在链接对象，如同没有调试信息一样
     1>libjpeg.lib(jdapimin.obj) : warning LNK4099: 未找到 PDB“vc100.pdb”(使用“libjpeg.lib(jdapimin.obj)”或在“E:\CSCI480\assign2\Debug\vc100.pdb”中寻找)；正在链接对象，如同没有调试信息一样
     1>libjpeg.lib(jdapistd.obj) : warning LNK4099: 未找到 PDB“vc100.pdb”(使用“libjpeg.lib(jdapistd.obj)”或在“E:\CSCI480\assign2\Debug\vc100.pdb”中寻找)；正在链接对象，如同没有调试信息一样
     1>libjpeg.lib(jdarith.obj) : warning LNK4099: 未找到 PDB“vc100.pdb”(使用“libjpeg.lib(jdarith.obj)”或在“E:\CSCI480\assign2\Debug\vc100.pdb”中寻找)；正在链接对象，如同没有调试信息一样
     1>libjpeg.lib(jdatasrc.obj) : warning LNK4099: 未找到 PDB“vc100.pdb”(使用“libjpeg.lib(jdatasrc.obj)”或在“E:\CSCI480\assign2\Debug\vc100.pdb”中寻找)；正在链接对象，如同没有调试信息一样
     1>libjpeg.lib(jdmaster.obj) : warning LNK4099: 未找到 PDB“vc100.pdb”(使用“libjpeg.lib(jdmaster.obj)”或在“E:\CSCI480\assign2\Debug\vc100.pdb”中寻找)；正在链接对象，如同没有调试信息一样
     1>libjpeg.lib(jdinput.obj) : warning LNK4099: 未找到 PDB“vc100.pdb”(使用“libjpeg.lib(jdinput.obj)”或在“E:\CSCI480\assign2\Debug\vc100.pdb”中寻找)；正在链接对象，如同没有调试信息一样
     1>libjpeg.lib(jdmarker.obj) : warning LNK4099: 未找到 PDB“vc100.pdb”(使用“libjpeg.lib(jdmarker.obj)”或在“E:\CSCI480\assign2\Debug\vc100.pdb”中寻找)；正在链接对象，如同没有调试信息一样
     1>libjpeg.lib(jdhuff.obj) : warning LNK4099: 未找到 PDB“vc100.pdb”(使用“libjpeg.lib(jdhuff.obj)”或在“E:\CSCI480\assign2\Debug\vc100.pdb”中寻找)；正在链接对象，如同没有调试信息一样
     1>libjpeg.lib(jdmainct.obj) : warning LNK4099: 未找到 PDB“vc100.pdb”(使用“libjpeg.lib(jdmainct.obj)”或在“E:\CSCI480\assign2\Debug\vc100.pdb”中寻找)；正在链接对象，如同没有调试信息一样
     1>libjpeg.lib(jdcoefct.obj) : warning LNK4099: 未找到 PDB“vc100.pdb”(使用“libjpeg.lib(jdcoefct.obj)”或在“E:\CSCI480\assign2\Debug\vc100.pdb”中寻找)；正在链接对象，如同没有调试信息一样
     1>libjpeg.lib(jdpostct.obj) : warning LNK4099: 未找到 PDB“vc100.pdb”(使用“libjpeg.lib(jdpostct.obj)”或在“E:\CSCI480\assign2\Debug\vc100.pdb”中寻找)；正在链接对象，如同没有调试信息一样
     1>libjpeg.lib(jddctmgr.obj) : warning LNK4099: 未找到 PDB“vc100.pdb”(使用“libjpeg.lib(jddctmgr.obj)”或在“E:\CSCI480\assign2\Debug\vc100.pdb”中寻找)；正在链接对象，如同没有调试信息一样
     1>libjpeg.lib(jidctfst.obj) : warning LNK4099: 未找到 PDB“vc100.pdb”(使用“libjpeg.lib(jidctfst.obj)”或在“E:\CSCI480\assign2\Debug\vc100.pdb”中寻找)；正在链接对象，如同没有调试信息一样
     1>libjpeg.lib(jidctflt.obj) : warning LNK4099: 未找到 PDB“vc100.pdb”(使用“libjpeg.lib(jidctflt.obj)”或在“E:\CSCI480\assign2\Debug\vc100.pdb”中寻找)；正在链接对象，如同没有调试信息一样
     1>libjpeg.lib(jidctint.obj) : warning LNK4099: 未找到 PDB“vc100.pdb”(使用“libjpeg.lib(jidctint.obj)”或在“E:\CSCI480\assign2\Debug\vc100.pdb”中寻找)；正在链接对象，如同没有调试信息一样
     1>libjpeg.lib(jdsample.obj) : warning LNK4099: 未找到 PDB“vc100.pdb”(使用“libjpeg.lib(jdsample.obj)”或在“E:\CSCI480\assign2\Debug\vc100.pdb”中寻找)；正在链接对象，如同没有调试信息一样
     1>libjpeg.lib(jdcolor.obj) : warning LNK4099: 未找到 PDB“vc100.pdb”(使用“libjpeg.lib(jdcolor.obj)”或在“E:\CSCI480\assign2\Debug\vc100.pdb”中寻找)；正在链接对象，如同没有调试信息一样
     1>libjpeg.lib(jquant1.obj) : warning LNK4099: 未找到 PDB“vc100.pdb”(使用“libjpeg.lib(jquant1.obj)”或在“E:\CSCI480\assign2\Debug\vc100.pdb”中寻找)；正在链接对象，如同没有调试信息一样
     1>libjpeg.lib(jquant2.obj) : warning LNK4099: 未找到 PDB“vc100.pdb”(使用“libjpeg.lib(jquant2.obj)”或在“E:\CSCI480\assign2\Debug\vc100.pdb”中寻找)；正在链接对象，如同没有调试信息一样
     1>libjpeg.lib(jdmerge.obj) : warning LNK4099: 未找到 PDB“vc100.pdb”(使用“libjpeg.lib(jdmerge.obj)”或在“E:\CSCI480\assign2\Debug\vc100.pdb”中寻找)；正在链接对象，如同没有调试信息一样
     1>libjpeg.lib(jaricom.obj) : warning LNK4099: 未找到 PDB“vc100.pdb”(使用“libjpeg.lib(jaricom.obj)”或在“E:\CSCI480\assign2\Debug\vc100.pdb”中寻找)；正在链接对象，如同没有调试信息一样
     1>libjpeg.lib(jcomapi.obj) : warning LNK4099: 未找到 PDB“vc100.pdb”(使用“libjpeg.lib(jcomapi.obj)”或在“E:\CSCI480\assign2\Debug\vc100.pdb”中寻找)；正在链接对象，如同没有调试信息一样
     1>libjpeg.lib(jutils.obj) : warning LNK4099: 未找到 PDB“vc100.pdb”(使用“libjpeg.lib(jutils.obj)”或在“E:\CSCI480\assign2\Debug\vc100.pdb”中寻找)；正在链接对象，如同没有调试信息一样
     1>libjpeg.lib(jerror.obj) : warning LNK4099: 未找到 PDB“vc100.pdb”(使用“libjpeg.lib(jerror.obj)”或在“E:\CSCI480\assign2\Debug\vc100.pdb”中寻找)；正在链接对象，如同没有调试信息一样
     1>libjpeg.lib(jmemmgr.obj) : warning LNK4099: 未找到 PDB“vc100.pdb”(使用“libjpeg.lib(jmemmgr.obj)”或在“E:\CSCI480\assign2\Debug\vc100.pdb”中寻找)；正在链接对象，如同没有调试信息一样
     1>libjpeg.lib(jmemnobs.obj) : warning LNK4099: 未找到 PDB“vc100.pdb”(使用“libjpeg.lib(jmemnobs.obj)”或在“E:\CSCI480\assign2\Debug\vc100.pdb”中寻找)；正在链接对象，如同没有调试信息一样
         assign2.vcxproj -> E:\CSCI480\assign2\Debug\assign2.exe
     1>已完成生成项目“E:\CSCI480\assign2\assign2\assign2.vcxproj”(Build 个目标)的操作。

生成成功。

已用时间 00:00:18.64
